<?xml version="1.0" encoding="UTF-8" ?>
<testsuites disabled="0" errors="0" failures="1" tests="2" time="10.944">
 <testsuite name="Login into application" timestamp="2019-11-12T04:43:11" hostname="localhost" time="10.944" errors="0" tests="2" skipped="0" disabled="0" failures="1">
  <testcase classname="Login into application" name="Successful Login" time="5.842" />
  <testcase classname="Login into application" name="Successful Login with verifyTextFail" time="5.092">
   <failure type="toEqual" message="Expected &apos;Home&apos; to equal &apos;HOME&apos;."><![CDATA[Error: Failed expectation
    at HomePage.verifyTextOnHomePage (E:\Automation_Work\Protractor\Projects\ProtractorDemo\pages\home.js:6:34)
    at UserContext.<anonymous> (E:\Automation_Work\Protractor\Projects\ProtractorDemo\tests\loginTest.js:27:14)
    at C:\Users\Manish\AppData\Roaming\npm\node_modules\protractor\node_modules\jasminewd2\index.js:112:25
    at new ManagedPromise (C:\Users\Manish\AppData\Roaming\npm\node_modules\protractor\node_modules\selenium-webdriver\lib\promise.js:1077:7)
    at ControlFlow.promise (C:\Users\Manish\AppData\Roaming\npm\node_modules\protractor\node_modules\selenium-webdriver\lib\promise.js:2505:12)
    at schedulerExecute (C:\Users\Manish\AppData\Roaming\npm\node_modules\protractor\node_modules\jasminewd2\index.js:95:18)
    at TaskQueue.execute_ (C:\Users\Manish\AppData\Roaming\npm\node_modules\protractor\node_modules\selenium-webdriver\lib\promise.js:3084:14)
    at TaskQueue.executeNext_ (C:\Users\Manish\AppData\Roaming\npm\node_modules\protractor\node_modules\selenium-webdriver\lib\promise.js:3067:27)
    at C:\Users\Manish\AppData\Roaming\npm\node_modules\protractor\node_modules\selenium-webdriver\lib\promise.js:2927:27]]>
   </failure>
  </testcase>
 </testsuite>
</testsuites>